2020-08-14 17:20:45,069 INFO o.a.j.u.JMeterUtils: Setting Locale to en_EN
2020-08-14 17:20:45,100 INFO o.a.j.JMeter: Loading user properties from: /usr/local/Cellar/jmeter/5.3/libexec/bin/user.properties
2020-08-14 17:20:45,101 INFO o.a.j.JMeter: Loading system properties from: /usr/local/Cellar/jmeter/5.3/libexec/bin/system.properties
2020-08-14 17:20:45,103 INFO o.a.j.JMeter: Copyright (c) 1998-2020 The Apache Software Foundation
2020-08-14 17:20:45,103 INFO o.a.j.JMeter: Version 5.3
2020-08-14 17:20:45,103 INFO o.a.j.JMeter: java.version=12.0.1
2020-08-14 17:20:45,103 INFO o.a.j.JMeter: java.vm.name=Java HotSpot(TM) 64-Bit Server VM
2020-08-14 17:20:45,103 INFO o.a.j.JMeter: os.name=Mac OS X
2020-08-14 17:20:45,103 INFO o.a.j.JMeter: os.arch=x86_64
2020-08-14 17:20:45,103 INFO o.a.j.JMeter: os.version=10.14.6
2020-08-14 17:20:45,103 INFO o.a.j.JMeter: file.encoding=UTF-8
2020-08-14 17:20:45,103 INFO o.a.j.JMeter: java.awt.headless=true
2020-08-14 17:20:45,104 INFO o.a.j.JMeter: Max memory     =1073741824
2020-08-14 17:20:45,104 INFO o.a.j.JMeter: Available Processors =12
2020-08-14 17:20:45,113 INFO o.a.j.JMeter: Default Locale=English (EN)
2020-08-14 17:20:45,113 INFO o.a.j.JMeter: JMeter  Locale=English (EN)
2020-08-14 17:20:45,113 INFO o.a.j.JMeter: JMeterHome=/usr/local/Cellar/jmeter/5.3/libexec
2020-08-14 17:20:45,114 INFO o.a.j.JMeter: user.dir  =/Users/naveen/workspace/wallet
2020-08-14 17:20:45,114 INFO o.a.j.JMeter: PWD       =/Users/naveen/workspace/wallet
2020-08-14 17:20:45,115 INFO o.a.j.JMeter: IP: 192.168.18.5 Name: Naveens-MacBook-Pro.local FullName: 192.168.18.5
2020-08-14 17:20:45,117 INFO o.a.j.JMeter: Setting property 'jmeter.reportgenerator.outputdir' to:'/Users/naveen/workspace/wallet/wallet'
2020-08-14 17:20:45,120 INFO o.a.j.s.FileServer: Default base='/Users/naveen/workspace/wallet'
2020-08-14 17:20:45,122 INFO o.a.j.s.FileServer: Set new base='/Users/naveen/workspace/wallet'
2020-08-14 17:20:45,258 INFO o.a.j.s.SaveService: Testplan (JMX) version: 2.2. Testlog (JTL) version: 2.2
2020-08-14 17:20:45,281 INFO o.a.j.s.SaveService: Using SaveService properties version 5.0
2020-08-14 17:20:45,285 INFO o.a.j.s.SaveService: Using SaveService properties file encoding UTF-8
2020-08-14 17:20:45,288 INFO o.a.j.s.SaveService: Loading file: wallet_testplan.jmx
2020-08-14 17:20:45,323 INFO o.a.j.p.h.c.CacheManager: Will only cache the following methods: [GET]
2020-08-14 17:20:45,338 INFO o.a.j.p.h.s.HTTPSamplerBase: Parser for text/html is org.apache.jmeter.protocol.http.parser.LagartoBasedHtmlParser
2020-08-14 17:20:45,338 INFO o.a.j.p.h.s.HTTPSamplerBase: Parser for application/xhtml+xml is org.apache.jmeter.protocol.http.parser.LagartoBasedHtmlParser
2020-08-14 17:20:45,338 INFO o.a.j.p.h.s.HTTPSamplerBase: Parser for application/xml is org.apache.jmeter.protocol.http.parser.LagartoBasedHtmlParser
2020-08-14 17:20:45,338 INFO o.a.j.p.h.s.HTTPSamplerBase: Parser for text/xml is org.apache.jmeter.protocol.http.parser.LagartoBasedHtmlParser
2020-08-14 17:20:45,338 INFO o.a.j.p.h.s.HTTPSamplerBase: Parser for text/vnd.wap.wml is org.apache.jmeter.protocol.http.parser.RegexpHTMLParser
2020-08-14 17:20:45,338 INFO o.a.j.p.h.s.HTTPSamplerBase: Parser for text/css is org.apache.jmeter.protocol.http.parser.CssParser
2020-08-14 17:20:45,347 INFO o.a.j.JMeter: Creating summariser <summary>
2020-08-14 17:20:45,359 INFO o.a.j.r.d.ReportGenerator: ReportGenerator will use for Parsing the separator: ','
2020-08-14 17:20:45,359 INFO o.a.j.r.d.ReportGenerator: Will generate report at end of test from  results file: wallet.csv
2020-08-14 17:20:45,359 INFO o.a.j.r.d.ReportGenerator: Reading report generator properties from: /usr/local/Cellar/jmeter/5.3/libexec/bin/reportgenerator.properties
2020-08-14 17:20:45,360 INFO o.a.j.r.d.ReportGenerator: Merging with JMeter properties
2020-08-14 17:20:45,366 INFO o.a.j.r.c.ReportGeneratorConfiguration: Property 'jmeter.reportgenerator.temp_dir' not found, using default value 'temp' instead.
2020-08-14 17:20:45,369 INFO o.a.j.r.c.ReportGeneratorConfiguration: Property 'jmeter.reportgenerator.apdex_per_transaction' not found, using default value 'null' instead.
2020-08-14 17:20:45,369 INFO o.a.j.r.c.ReportGeneratorConfiguration: apdex_per_transaction is empty, not APDEX per transaction customization
2020-08-14 17:20:45,370 INFO o.a.j.r.c.ReportGeneratorConfiguration: Property 'jmeter.reportgenerator.sample_filter' not found, using default value 'null' instead.
2020-08-14 17:20:45,370 INFO o.a.j.r.c.ReportGeneratorConfiguration: Property 'jmeter.reportgenerator.report_title' not found, using default value 'null' instead.
2020-08-14 17:20:45,370 INFO o.a.j.r.c.ReportGeneratorConfiguration: Property 'jmeter.reportgenerator.start_date' not found, using default value 'null' instead.
2020-08-14 17:20:45,370 INFO o.a.j.r.c.ReportGeneratorConfiguration: Property 'jmeter.reportgenerator.end_date' not found, using default value 'null' instead.
2020-08-14 17:20:45,370 INFO o.a.j.r.c.ReportGeneratorConfiguration: Property 'jmeter.reportgenerator.date_format' not found, using default value 'null' instead.
2020-08-14 17:20:45,373 INFO o.a.j.r.c.ReportGeneratorConfiguration: Will use date range start date: null, end date: null
2020-08-14 17:20:45,378 INFO o.a.j.r.c.ReportGeneratorConfiguration: Property 'jmeter.reportgenerator.graph.totalTPS.exclude_controllers' not found, using default value 'false' instead.
2020-08-14 17:20:45,379 INFO o.a.j.r.c.ReportGeneratorConfiguration: Property 'jmeter.reportgenerator.graph.activeThreadsOverTime.exclude_controllers' not found, using default value 'false' instead.
2020-08-14 17:20:45,379 INFO o.a.j.r.c.ReportGeneratorConfiguration: Property 'jmeter.reportgenerator.graph.timeVsThreads.exclude_controllers' not found, using default value 'false' instead.
2020-08-14 17:20:45,379 INFO o.a.j.r.c.ReportGeneratorConfiguration: Property 'jmeter.reportgenerator.graph.responseTimeDistribution.exclude_controllers' not found, using default value 'false' instead.
2020-08-14 17:20:45,379 INFO o.a.j.r.c.ReportGeneratorConfiguration: Property 'jmeter.reportgenerator.graph.transactionsPerSecond.exclude_controllers' not found, using default value 'false' instead.
2020-08-14 17:20:45,379 INFO o.a.j.r.c.ReportGeneratorConfiguration: Property 'jmeter.reportgenerator.graph.responseTimePercentiles.exclude_controllers' not found, using default value 'false' instead.
2020-08-14 17:20:45,379 INFO o.a.j.r.c.ReportGeneratorConfiguration: Property 'jmeter.reportgenerator.graph.responseTimePercentilesOverTime.exclude_controllers' not found, using default value 'false' instead.
2020-08-14 17:20:45,380 INFO o.a.j.r.c.ReportGeneratorConfiguration: Property 'jmeter.reportgenerator.graph.responseTimesOverTime.exclude_controllers' not found, using default value 'false' instead.
2020-08-14 17:20:45,380 INFO o.a.j.r.c.ReportGeneratorConfiguration: Property 'jmeter.reportgenerator.graph.connectTimeOverTime.exclude_controllers' not found, using default value 'false' instead.
2020-08-14 17:20:45,380 INFO o.a.j.r.c.ReportGeneratorConfiguration: Property 'jmeter.reportgenerator.graph.latenciesOverTime.exclude_controllers' not found, using default value 'false' instead.
2020-08-14 17:20:45,381 INFO o.a.j.r.c.ReportGeneratorConfiguration: Property 'jmeter.reportgenerator.exporter.json.filters_only_sample_series' not found, using default value 'true' instead.
2020-08-14 17:20:45,381 INFO o.a.j.r.c.ReportGeneratorConfiguration: Property 'jmeter.reportgenerator.exporter.json.series_filter' not found, using default value '' instead.
2020-08-14 17:20:45,381 INFO o.a.j.r.c.ReportGeneratorConfiguration: Property 'jmeter.reportgenerator.exporter.json.show_controllers_only' not found, using default value 'false' instead.
2020-08-14 17:20:45,382 INFO o.a.j.r.c.ReportGeneratorConfiguration: Property 'jmeter.reportgenerator.exporter.html.filters_only_sample_series' not found, using default value 'true' instead.
2020-08-14 17:20:45,382 INFO o.a.j.r.c.ReportGeneratorConfiguration: Property 'jmeter.reportgenerator.exporter.html.series_filter' not found, using default value '' instead.
2020-08-14 17:20:45,382 INFO o.a.j.r.c.ReportGeneratorConfiguration: Property 'jmeter.reportgenerator.exporter.html.show_controllers_only' not found, using default value 'false' instead.
2020-08-14 17:20:45,389 INFO o.a.j.e.StandardJMeterEngine: Running the test!
2020-08-14 17:20:45,390 INFO o.a.j.s.SampleEvent: List of sample_variables: []
2020-08-14 17:20:45,390 INFO o.a.j.s.SampleEvent: List of sample_variables: []
2020-08-14 17:20:45,402 INFO o.a.j.e.u.CompoundVariable: Note: Function class names must contain the string: '.functions.'
2020-08-14 17:20:45,402 INFO o.a.j.e.u.CompoundVariable: Note: Function class names must not contain the string: '.gui.'
2020-08-14 17:20:45,673 INFO o.a.j.JMeter: Running test (1597405845673)
2020-08-14 17:20:45,690 INFO o.a.j.e.StandardJMeterEngine: Starting ThreadGroup: 1 : ThreadGroup
2020-08-14 17:20:45,691 INFO o.a.j.e.StandardJMeterEngine: Starting 100 threads for group ThreadGroup.
2020-08-14 17:20:45,691 INFO o.a.j.e.StandardJMeterEngine: Thread will continue on error
2020-08-14 17:20:45,691 INFO o.a.j.t.ThreadGroup: Starting thread group... number=1 threads=100 ramp-up=0 delayedStart=true
2020-08-14 17:20:45,692 INFO o.a.j.t.ThreadGroup: Started thread group number 1
2020-08-14 17:20:45,692 INFO o.a.j.e.StandardJMeterEngine: All thread groups have been started
2020-08-14 17:20:45,702 INFO o.a.j.t.JMeterThread: Thread started: ThreadGroup 1-6
2020-08-14 17:20:45,702 INFO o.a.j.t.JMeterThread: Thread started: ThreadGroup 1-2
2020-08-14 17:20:45,702 INFO o.a.j.t.JMeterThread: Thread started: ThreadGroup 1-4
2020-08-14 17:20:45,702 INFO o.a.j.t.JMeterThread: Thread started: ThreadGroup 1-3
2020-08-14 17:20:45,702 INFO o.a.j.t.JMeterThread: Thread started: ThreadGroup 1-5
2020-08-14 17:20:45,702 INFO o.a.j.t.JMeterThread: Thread started: ThreadGroup 1-1
2020-08-14 17:20:45,703 INFO o.a.j.t.JMeterThread: Thread started: ThreadGroup 1-7
2020-08-14 17:20:45,704 INFO o.a.j.t.JMeterThread: Thread started: ThreadGroup 1-8
2020-08-14 17:20:45,705 INFO o.a.j.t.JMeterThread: Thread started: ThreadGroup 1-9
2020-08-14 17:20:45,705 INFO o.a.j.t.JMeterThread: Thread started: ThreadGroup 1-10
2020-08-14 17:20:45,706 INFO o.a.j.t.JMeterThread: Thread started: ThreadGroup 1-11
2020-08-14 17:20:45,706 INFO o.a.j.t.JMeterThread: Thread started: ThreadGroup 1-12
2020-08-14 17:20:45,707 INFO o.a.j.t.JMeterThread: Thread started: ThreadGroup 1-13
2020-08-14 17:20:45,708 INFO o.a.j.t.JMeterThread: Thread started: ThreadGroup 1-14
2020-08-14 17:20:45,708 INFO o.a.j.t.JMeterThread: Thread started: ThreadGroup 1-15
2020-08-14 17:20:45,709 INFO o.a.j.t.JMeterThread: Thread started: ThreadGroup 1-16
2020-08-14 17:20:45,709 INFO o.a.j.t.JMeterThread: Thread started: ThreadGroup 1-17
2020-08-14 17:20:45,709 INFO o.a.j.t.JMeterThread: Thread started: ThreadGroup 1-18
2020-08-14 17:20:45,710 INFO o.a.j.t.JMeterThread: Thread started: ThreadGroup 1-19
2020-08-14 17:20:45,711 INFO o.a.j.t.JMeterThread: Thread started: ThreadGroup 1-20
2020-08-14 17:20:45,712 INFO o.a.j.t.JMeterThread: Thread started: ThreadGroup 1-21
2020-08-14 17:20:45,712 INFO o.a.j.t.JMeterThread: Thread started: ThreadGroup 1-22
2020-08-14 17:20:45,712 INFO o.a.j.t.JMeterThread: Thread started: ThreadGroup 1-23
2020-08-14 17:20:45,712 INFO o.a.j.t.JMeterThread: Thread started: ThreadGroup 1-24
2020-08-14 17:20:45,713 INFO o.a.j.t.JMeterThread: Thread started: ThreadGroup 1-25
2020-08-14 17:20:45,713 INFO o.a.j.t.JMeterThread: Thread started: ThreadGroup 1-26
2020-08-14 17:20:45,713 INFO o.a.j.t.JMeterThread: Thread started: ThreadGroup 1-27
2020-08-14 17:20:45,714 INFO o.a.j.t.JMeterThread: Thread started: ThreadGroup 1-28
2020-08-14 17:20:45,714 INFO o.a.j.t.JMeterThread: Thread started: ThreadGroup 1-29
2020-08-14 17:20:45,714 INFO o.a.j.t.JMeterThread: Thread started: ThreadGroup 1-30
2020-08-14 17:20:45,714 INFO o.a.j.t.JMeterThread: Thread started: ThreadGroup 1-31
2020-08-14 17:20:45,715 INFO o.a.j.t.JMeterThread: Thread started: ThreadGroup 1-32
2020-08-14 17:20:45,715 INFO o.a.j.t.JMeterThread: Thread started: ThreadGroup 1-33
2020-08-14 17:20:45,715 INFO o.a.j.t.JMeterThread: Thread started: ThreadGroup 1-34
2020-08-14 17:20:45,715 INFO o.a.j.t.JMeterThread: Thread started: ThreadGroup 1-35
2020-08-14 17:20:45,716 INFO o.a.j.t.JMeterThread: Thread started: ThreadGroup 1-36
2020-08-14 17:20:45,716 INFO o.a.j.t.JMeterThread: Thread started: ThreadGroup 1-37
2020-08-14 17:20:45,716 INFO o.a.j.t.JMeterThread: Thread started: ThreadGroup 1-38
2020-08-14 17:20:45,717 INFO o.a.j.t.JMeterThread: Thread started: ThreadGroup 1-39
2020-08-14 17:20:45,717 INFO o.a.j.t.JMeterThread: Thread started: ThreadGroup 1-40
2020-08-14 17:20:45,717 INFO o.a.j.t.JMeterThread: Thread started: ThreadGroup 1-41
2020-08-14 17:20:45,717 INFO o.a.j.t.JMeterThread: Thread started: ThreadGroup 1-42
2020-08-14 17:20:45,717 INFO o.a.j.t.JMeterThread: Thread started: ThreadGroup 1-43
2020-08-14 17:20:45,718 INFO o.a.j.t.JMeterThread: Thread started: ThreadGroup 1-44
2020-08-14 17:20:45,718 INFO o.a.j.t.JMeterThread: Thread started: ThreadGroup 1-45
2020-08-14 17:20:45,718 INFO o.a.j.t.JMeterThread: Thread started: ThreadGroup 1-46
2020-08-14 17:20:45,719 INFO o.a.j.t.JMeterThread: Thread started: ThreadGroup 1-47
2020-08-14 17:20:45,719 INFO o.a.j.t.JMeterThread: Thread started: ThreadGroup 1-48
2020-08-14 17:20:45,719 INFO o.a.j.t.JMeterThread: Thread started: ThreadGroup 1-49
2020-08-14 17:20:45,719 INFO o.a.j.t.JMeterThread: Thread started: ThreadGroup 1-50
2020-08-14 17:20:45,720 INFO o.a.j.t.JMeterThread: Thread started: ThreadGroup 1-51
2020-08-14 17:20:45,720 INFO o.a.j.t.JMeterThread: Thread started: ThreadGroup 1-52
2020-08-14 17:20:45,720 INFO o.a.j.t.JMeterThread: Thread started: ThreadGroup 1-53
2020-08-14 17:20:45,720 INFO o.a.j.t.JMeterThread: Thread started: ThreadGroup 1-54
2020-08-14 17:20:45,721 INFO o.a.j.t.JMeterThread: Thread started: ThreadGroup 1-55
2020-08-14 17:20:45,721 INFO o.a.j.t.JMeterThread: Thread started: ThreadGroup 1-56
2020-08-14 17:20:45,721 INFO o.a.j.t.JMeterThread: Thread started: ThreadGroup 1-57
2020-08-14 17:20:45,721 INFO o.a.j.t.JMeterThread: Thread started: ThreadGroup 1-58
2020-08-14 17:20:45,721 INFO o.a.j.t.JMeterThread: Thread started: ThreadGroup 1-59
2020-08-14 17:20:45,722 INFO o.a.j.t.JMeterThread: Thread started: ThreadGroup 1-60
2020-08-14 17:20:45,722 INFO o.a.j.t.JMeterThread: Thread started: ThreadGroup 1-61
2020-08-14 17:20:45,722 INFO o.a.j.t.JMeterThread: Thread started: ThreadGroup 1-62
2020-08-14 17:20:45,722 INFO o.a.j.t.JMeterThread: Thread started: ThreadGroup 1-63
2020-08-14 17:20:45,723 INFO o.a.j.t.JMeterThread: Thread started: ThreadGroup 1-64
2020-08-14 17:20:45,723 INFO o.a.j.t.JMeterThread: Thread started: ThreadGroup 1-65
2020-08-14 17:20:45,723 INFO o.a.j.t.JMeterThread: Thread started: ThreadGroup 1-66
2020-08-14 17:20:45,723 INFO o.a.j.t.JMeterThread: Thread started: ThreadGroup 1-67
2020-08-14 17:20:45,724 INFO o.a.j.t.JMeterThread: Thread started: ThreadGroup 1-68
2020-08-14 17:20:45,724 INFO o.a.j.t.JMeterThread: Thread started: ThreadGroup 1-69
2020-08-14 17:20:45,724 INFO o.a.j.t.JMeterThread: Thread started: ThreadGroup 1-70
2020-08-14 17:20:45,724 INFO o.a.j.t.JMeterThread: Thread started: ThreadGroup 1-71
2020-08-14 17:20:45,725 INFO o.a.j.t.JMeterThread: Thread started: ThreadGroup 1-72
2020-08-14 17:20:45,725 INFO o.a.j.t.JMeterThread: Thread started: ThreadGroup 1-73
2020-08-14 17:20:45,725 INFO o.a.j.t.JMeterThread: Thread started: ThreadGroup 1-74
2020-08-14 17:20:45,726 INFO o.a.j.t.JMeterThread: Thread started: ThreadGroup 1-75
2020-08-14 17:20:45,726 INFO o.a.j.t.JMeterThread: Thread started: ThreadGroup 1-76
2020-08-14 17:20:45,726 INFO o.a.j.t.JMeterThread: Thread started: ThreadGroup 1-77
2020-08-14 17:20:45,727 INFO o.a.j.t.JMeterThread: Thread started: ThreadGroup 1-78
2020-08-14 17:20:45,727 INFO o.a.j.t.JMeterThread: Thread started: ThreadGroup 1-79
2020-08-14 17:20:45,727 INFO o.a.j.t.JMeterThread: Thread started: ThreadGroup 1-80
2020-08-14 17:20:45,727 INFO o.a.j.t.JMeterThread: Thread started: ThreadGroup 1-81
2020-08-14 17:20:45,728 INFO o.a.j.t.JMeterThread: Thread started: ThreadGroup 1-82
2020-08-14 17:20:45,728 INFO o.a.j.t.JMeterThread: Thread started: ThreadGroup 1-83
2020-08-14 17:20:45,728 INFO o.a.j.t.JMeterThread: Thread started: ThreadGroup 1-84
2020-08-14 17:20:45,728 INFO o.a.j.t.JMeterThread: Thread started: ThreadGroup 1-85
2020-08-14 17:20:45,729 INFO o.a.j.t.JMeterThread: Thread started: ThreadGroup 1-86
2020-08-14 17:20:45,729 INFO o.a.j.t.JMeterThread: Thread started: ThreadGroup 1-87
2020-08-14 17:20:45,729 INFO o.a.j.t.JMeterThread: Thread started: ThreadGroup 1-88
2020-08-14 17:20:45,729 INFO o.a.j.t.JMeterThread: Thread started: ThreadGroup 1-89
2020-08-14 17:20:45,730 INFO o.a.j.t.JMeterThread: Thread started: ThreadGroup 1-90
2020-08-14 17:20:45,730 INFO o.a.j.t.JMeterThread: Thread started: ThreadGroup 1-91
2020-08-14 17:20:45,730 INFO o.a.j.t.JMeterThread: Thread started: ThreadGroup 1-92
2020-08-14 17:20:45,731 INFO o.a.j.t.JMeterThread: Thread started: ThreadGroup 1-93
2020-08-14 17:20:45,731 INFO o.a.j.t.JMeterThread: Thread started: ThreadGroup 1-94
2020-08-14 17:20:45,731 INFO o.a.j.t.JMeterThread: Thread started: ThreadGroup 1-95
2020-08-14 17:20:45,733 INFO o.a.j.t.JMeterThread: Thread started: ThreadGroup 1-96
2020-08-14 17:20:45,733 INFO o.a.j.t.JMeterThread: Thread started: ThreadGroup 1-97
2020-08-14 17:20:45,739 INFO o.a.j.t.JMeterThread: Thread started: ThreadGroup 1-98
2020-08-14 17:20:45,739 INFO o.a.j.t.JMeterThread: Thread started: ThreadGroup 1-99
2020-08-14 17:20:45,739 INFO o.a.j.t.JMeterThread: Thread started: ThreadGroup 1-100
2020-08-14 17:20:45,740 INFO o.a.j.p.h.s.HTTPHCAbstractImpl: Local host = Naveens-MacBook-Pro.local
2020-08-14 17:20:45,750 INFO o.a.j.p.h.s.HTTPHC4Impl: HTTP request retry count = 0
2020-08-14 17:20:45,752 INFO o.a.j.s.SampleResult: Note: Sample TimeStamps are START times
2020-08-14 17:20:45,752 INFO o.a.j.s.SampleResult: sampleresult.default.encoding is set to ISO-8859-1
2020-08-14 17:20:45,752 INFO o.a.j.s.SampleResult: sampleresult.useNanoTime=true
2020-08-14 17:20:45,752 INFO o.a.j.s.SampleResult: sampleresult.nanoThreadSleep=5000
2020-08-14 17:20:48,616 INFO o.a.j.t.JMeterThread: Thread is done: ThreadGroup 1-22
2020-08-14 17:20:48,616 INFO o.a.j.t.JMeterThread: Thread finished: ThreadGroup 1-22
2020-08-14 17:20:48,616 INFO o.a.j.t.JMeterThread: Thread is done: ThreadGroup 1-99
2020-08-14 17:20:48,616 INFO o.a.j.t.JMeterThread: Thread finished: ThreadGroup 1-99
2020-08-14 17:20:48,617 INFO o.a.j.t.JMeterThread: Thread is done: ThreadGroup 1-84
2020-08-14 17:20:48,617 INFO o.a.j.t.JMeterThread: Thread finished: ThreadGroup 1-84
2020-08-14 17:20:48,617 INFO o.a.j.t.JMeterThread: Thread is done: ThreadGroup 1-63
2020-08-14 17:20:48,618 INFO o.a.j.t.JMeterThread: Thread finished: ThreadGroup 1-63
2020-08-14 17:20:48,620 INFO o.a.j.t.JMeterThread: Thread is done: ThreadGroup 1-61
2020-08-14 17:20:48,620 INFO o.a.j.t.JMeterThread: Thread finished: ThreadGroup 1-61
2020-08-14 17:20:48,621 INFO o.a.j.t.JMeterThread: Thread is done: ThreadGroup 1-27
2020-08-14 17:20:48,621 INFO o.a.j.t.JMeterThread: Thread finished: ThreadGroup 1-27
2020-08-14 17:20:48,622 INFO o.a.j.t.JMeterThread: Thread is done: ThreadGroup 1-95
2020-08-14 17:20:48,622 INFO o.a.j.t.JMeterThread: Thread finished: ThreadGroup 1-95
2020-08-14 17:20:48,622 INFO o.a.j.t.JMeterThread: Thread is done: ThreadGroup 1-85
2020-08-14 17:20:48,623 INFO o.a.j.t.JMeterThread: Thread finished: ThreadGroup 1-85
2020-08-14 17:20:48,623 INFO o.a.j.t.JMeterThread: Thread is done: ThreadGroup 1-64
2020-08-14 17:20:48,623 INFO o.a.j.t.JMeterThread: Thread finished: ThreadGroup 1-64
2020-08-14 17:20:48,625 INFO o.a.j.t.JMeterThread: Thread is done: ThreadGroup 1-92
2020-08-14 17:20:48,625 INFO o.a.j.t.JMeterThread: Thread finished: ThreadGroup 1-92
2020-08-14 17:20:48,626 INFO o.a.j.t.JMeterThread: Thread is done: ThreadGroup 1-87
2020-08-14 17:20:48,626 INFO o.a.j.t.JMeterThread: Thread finished: ThreadGroup 1-87
2020-08-14 17:20:48,626 INFO o.a.j.t.JMeterThread: Thread is done: ThreadGroup 1-72
2020-08-14 17:20:48,627 INFO o.a.j.t.JMeterThread: Thread finished: ThreadGroup 1-72
2020-08-14 17:20:48,627 INFO o.a.j.t.JMeterThread: Thread is done: ThreadGroup 1-75
2020-08-14 17:20:48,628 INFO o.a.j.t.JMeterThread: Thread finished: ThreadGroup 1-75
2020-08-14 17:20:48,628 INFO o.a.j.t.JMeterThread: Thread is done: ThreadGroup 1-16
2020-08-14 17:20:48,628 INFO o.a.j.t.JMeterThread: Thread finished: ThreadGroup 1-16
2020-08-14 17:20:48,630 INFO o.a.j.t.JMeterThread: Thread is done: ThreadGroup 1-96
2020-08-14 17:20:48,630 INFO o.a.j.t.JMeterThread: Thread finished: ThreadGroup 1-96
2020-08-14 17:20:48,631 INFO o.a.j.t.JMeterThread: Thread is done: ThreadGroup 1-30
2020-08-14 17:20:48,631 INFO o.a.j.t.JMeterThread: Thread finished: ThreadGroup 1-30
2020-08-14 17:20:48,632 INFO o.a.j.t.JMeterThread: Thread is done: ThreadGroup 1-36
2020-08-14 17:20:48,632 INFO o.a.j.t.JMeterThread: Thread finished: ThreadGroup 1-36
2020-08-14 17:20:48,635 INFO o.a.j.t.JMeterThread: Thread is done: ThreadGroup 1-33
2020-08-14 17:20:48,635 INFO o.a.j.t.JMeterThread: Thread is done: ThreadGroup 1-34
2020-08-14 17:20:48,635 INFO o.a.j.t.JMeterThread: Thread is done: ThreadGroup 1-31
2020-08-14 17:20:48,635 INFO o.a.j.t.JMeterThread: Thread is done: ThreadGroup 1-37
2020-08-14 17:20:48,635 INFO o.a.j.t.JMeterThread: Thread finished: ThreadGroup 1-34
2020-08-14 17:20:48,635 INFO o.a.j.t.JMeterThread: Thread is done: ThreadGroup 1-40
2020-08-14 17:20:48,635 INFO o.a.j.t.JMeterThread: Thread is done: ThreadGroup 1-98
2020-08-14 17:20:48,635 INFO o.a.j.t.JMeterThread: Thread finished: ThreadGroup 1-37
2020-08-14 17:20:48,635 INFO o.a.j.t.JMeterThread: Thread is done: ThreadGroup 1-12
2020-08-14 17:20:48,635 INFO o.a.j.t.JMeterThread: Thread finished: ThreadGroup 1-31
2020-08-14 17:20:48,635 INFO o.a.j.t.JMeterThread: Thread finished: ThreadGroup 1-98
2020-08-14 17:20:48,635 INFO o.a.j.t.JMeterThread: Thread finished: ThreadGroup 1-12
2020-08-14 17:20:48,635 INFO o.a.j.t.JMeterThread: Thread finished: ThreadGroup 1-40
2020-08-14 17:20:48,635 INFO o.a.j.t.JMeterThread: Thread finished: ThreadGroup 1-33
2020-08-14 17:20:48,636 INFO o.a.j.t.JMeterThread: Thread is done: ThreadGroup 1-77
2020-08-14 17:20:48,637 INFO o.a.j.t.JMeterThread: Thread finished: ThreadGroup 1-77
2020-08-14 17:20:48,638 INFO o.a.j.t.JMeterThread: Thread is done: ThreadGroup 1-35
2020-08-14 17:20:48,638 INFO o.a.j.t.JMeterThread: Thread finished: ThreadGroup 1-35
2020-08-14 17:20:48,638 INFO o.a.j.t.JMeterThread: Thread is done: ThreadGroup 1-23
2020-08-14 17:20:48,638 INFO o.a.j.t.JMeterThread: Thread finished: ThreadGroup 1-23
2020-08-14 17:20:48,639 INFO o.a.j.t.JMeterThread: Thread is done: ThreadGroup 1-15
2020-08-14 17:20:48,639 INFO o.a.j.t.JMeterThread: Thread finished: ThreadGroup 1-15
2020-08-14 17:20:48,639 INFO o.a.j.t.JMeterThread: Thread is done: ThreadGroup 1-42
2020-08-14 17:20:48,639 INFO o.a.j.t.JMeterThread: Thread finished: ThreadGroup 1-42
2020-08-14 17:20:48,640 INFO o.a.j.t.JMeterThread: Thread is done: ThreadGroup 1-20
2020-08-14 17:20:48,640 INFO o.a.j.t.JMeterThread: Thread finished: ThreadGroup 1-20
2020-08-14 17:20:48,641 INFO o.a.j.t.JMeterThread: Thread is done: ThreadGroup 1-81
2020-08-14 17:20:48,641 INFO o.a.j.t.JMeterThread: Thread finished: ThreadGroup 1-81
2020-08-14 17:20:48,641 INFO o.a.j.t.JMeterThread: Thread is done: ThreadGroup 1-24
2020-08-14 17:20:48,641 INFO o.a.j.t.JMeterThread: Thread finished: ThreadGroup 1-24
2020-08-14 17:20:48,642 INFO o.a.j.t.JMeterThread: Thread is done: ThreadGroup 1-86
2020-08-14 17:20:48,642 INFO o.a.j.t.JMeterThread: Thread finished: ThreadGroup 1-86
2020-08-14 17:20:48,642 INFO o.a.j.t.JMeterThread: Thread is done: ThreadGroup 1-47
2020-08-14 17:20:48,642 INFO o.a.j.t.JMeterThread: Thread finished: ThreadGroup 1-47
2020-08-14 17:20:48,643 INFO o.a.j.t.JMeterThread: Thread is done: ThreadGroup 1-32
2020-08-14 17:20:48,643 INFO o.a.j.t.JMeterThread: Thread finished: ThreadGroup 1-32
2020-08-14 17:20:48,644 INFO o.a.j.t.JMeterThread: Thread is done: ThreadGroup 1-89
2020-08-14 17:20:48,644 INFO o.a.j.t.JMeterThread: Thread finished: ThreadGroup 1-89
2020-08-14 17:20:48,644 INFO o.a.j.t.JMeterThread: Thread is done: ThreadGroup 1-41
2020-08-14 17:20:48,644 INFO o.a.j.t.JMeterThread: Thread finished: ThreadGroup 1-41
2020-08-14 17:20:48,645 INFO o.a.j.t.JMeterThread: Thread is done: ThreadGroup 1-49
2020-08-14 17:20:48,645 INFO o.a.j.t.JMeterThread: Thread finished: ThreadGroup 1-49
2020-08-14 17:20:48,645 INFO o.a.j.t.JMeterThread: Thread is done: ThreadGroup 1-91
2020-08-14 17:20:48,646 INFO o.a.j.t.JMeterThread: Thread finished: ThreadGroup 1-91
2020-08-14 17:20:48,646 INFO o.a.j.t.JMeterThread: Thread is done: ThreadGroup 1-70
2020-08-14 17:20:48,646 INFO o.a.j.t.JMeterThread: Thread finished: ThreadGroup 1-70
2020-08-14 17:20:48,647 INFO o.a.j.t.JMeterThread: Thread is done: ThreadGroup 1-10
2020-08-14 17:20:48,647 INFO o.a.j.t.JMeterThread: Thread finished: ThreadGroup 1-10
2020-08-14 17:20:48,647 INFO o.a.j.t.JMeterThread: Thread is done: ThreadGroup 1-6
2020-08-14 17:20:48,648 INFO o.a.j.t.JMeterThread: Thread finished: ThreadGroup 1-6
2020-08-14 17:20:48,648 INFO o.a.j.t.JMeterThread: Thread is done: ThreadGroup 1-45
2020-08-14 17:20:48,648 INFO o.a.j.t.JMeterThread: Thread finished: ThreadGroup 1-45
2020-08-14 17:20:48,648 INFO o.a.j.t.JMeterThread: Thread is done: ThreadGroup 1-83
2020-08-14 17:20:48,649 INFO o.a.j.t.JMeterThread: Thread finished: ThreadGroup 1-83
2020-08-14 17:20:48,649 INFO o.a.j.t.JMeterThread: Thread is done: ThreadGroup 1-2
2020-08-14 17:20:48,649 INFO o.a.j.t.JMeterThread: Thread finished: ThreadGroup 1-2
2020-08-14 17:20:48,651 INFO o.a.j.t.JMeterThread: Thread is done: ThreadGroup 1-53
2020-08-14 17:20:48,651 INFO o.a.j.t.JMeterThread: Thread finished: ThreadGroup 1-53
2020-08-14 17:20:48,652 INFO o.a.j.t.JMeterThread: Thread is done: ThreadGroup 1-69
2020-08-14 17:20:48,652 INFO o.a.j.t.JMeterThread: Thread finished: ThreadGroup 1-69
2020-08-14 17:20:48,653 INFO o.a.j.t.JMeterThread: Thread is done: ThreadGroup 1-46
2020-08-14 17:20:48,653 INFO o.a.j.t.JMeterThread: Thread finished: ThreadGroup 1-46
2020-08-14 17:20:48,653 INFO o.a.j.t.JMeterThread: Thread is done: ThreadGroup 1-90
2020-08-14 17:20:48,653 INFO o.a.j.t.JMeterThread: Thread finished: ThreadGroup 1-90
2020-08-14 17:20:48,654 INFO o.a.j.t.JMeterThread: Thread is done: ThreadGroup 1-67
2020-08-14 17:20:48,654 INFO o.a.j.t.JMeterThread: Thread finished: ThreadGroup 1-67
2020-08-14 17:20:48,655 INFO o.a.j.t.JMeterThread: Thread is done: ThreadGroup 1-3
2020-08-14 17:20:48,655 INFO o.a.j.t.JMeterThread: Thread finished: ThreadGroup 1-3
2020-08-14 17:20:48,656 INFO o.a.j.t.JMeterThread: Thread is done: ThreadGroup 1-71
2020-08-14 17:20:48,656 INFO o.a.j.t.JMeterThread: Thread finished: ThreadGroup 1-71
2020-08-14 17:20:48,656 INFO o.a.j.t.JMeterThread: Thread is done: ThreadGroup 1-9
2020-08-14 17:20:48,656 INFO o.a.j.t.JMeterThread: Thread finished: ThreadGroup 1-9
2020-08-14 17:20:48,657 INFO o.a.j.t.JMeterThread: Thread is done: ThreadGroup 1-54
2020-08-14 17:20:48,657 INFO o.a.j.t.JMeterThread: Thread finished: ThreadGroup 1-54
2020-08-14 17:20:48,657 INFO o.a.j.t.JMeterThread: Thread is done: ThreadGroup 1-88
2020-08-14 17:20:48,657 INFO o.a.j.t.JMeterThread: Thread finished: ThreadGroup 1-88
2020-08-14 17:20:48,658 INFO o.a.j.t.JMeterThread: Thread is done: ThreadGroup 1-13
2020-08-14 17:20:48,658 INFO o.a.j.t.JMeterThread: Thread finished: ThreadGroup 1-13
2020-08-14 17:20:48,658 INFO o.a.j.t.JMeterThread: Thread is done: ThreadGroup 1-44
2020-08-14 17:20:48,659 INFO o.a.j.t.JMeterThread: Thread finished: ThreadGroup 1-44
2020-08-14 17:20:48,659 INFO o.a.j.t.JMeterThread: Thread is done: ThreadGroup 1-19
2020-08-14 17:20:48,659 INFO o.a.j.t.JMeterThread: Thread finished: ThreadGroup 1-19
2020-08-14 17:20:48,659 INFO o.a.j.t.JMeterThread: Thread is done: ThreadGroup 1-94
2020-08-14 17:20:48,660 INFO o.a.j.t.JMeterThread: Thread finished: ThreadGroup 1-94
2020-08-14 17:20:48,660 INFO o.a.j.t.JMeterThread: Thread is done: ThreadGroup 1-29
2020-08-14 17:20:48,660 INFO o.a.j.t.JMeterThread: Thread finished: ThreadGroup 1-29
2020-08-14 17:20:48,661 INFO o.a.j.t.JMeterThread: Thread is done: ThreadGroup 1-8
2020-08-14 17:20:48,661 INFO o.a.j.t.JMeterThread: Thread finished: ThreadGroup 1-8
2020-08-14 17:20:48,661 INFO o.a.j.t.JMeterThread: Thread is done: ThreadGroup 1-73
2020-08-14 17:20:48,661 INFO o.a.j.t.JMeterThread: Thread finished: ThreadGroup 1-73
2020-08-14 17:20:48,662 INFO o.a.j.t.JMeterThread: Thread is done: ThreadGroup 1-55
2020-08-14 17:20:48,662 INFO o.a.j.t.JMeterThread: Thread finished: ThreadGroup 1-55
2020-08-14 17:20:48,662 INFO o.a.j.t.JMeterThread: Thread is done: ThreadGroup 1-76
2020-08-14 17:20:48,662 INFO o.a.j.t.JMeterThread: Thread finished: ThreadGroup 1-76
2020-08-14 17:20:48,663 INFO o.a.j.t.JMeterThread: Thread is done: ThreadGroup 1-7
2020-08-14 17:20:48,663 INFO o.a.j.t.JMeterThread: Thread finished: ThreadGroup 1-7
2020-08-14 17:20:48,664 INFO o.a.j.t.JMeterThread: Thread is done: ThreadGroup 1-66
2020-08-14 17:20:48,664 INFO o.a.j.t.JMeterThread: Thread finished: ThreadGroup 1-66
2020-08-14 17:20:48,664 INFO o.a.j.t.JMeterThread: Thread is done: ThreadGroup 1-4
2020-08-14 17:20:48,665 INFO o.a.j.t.JMeterThread: Thread finished: ThreadGroup 1-4
2020-08-14 17:20:48,665 INFO o.a.j.t.JMeterThread: Thread is done: ThreadGroup 1-50
2020-08-14 17:20:48,665 INFO o.a.j.t.JMeterThread: Thread finished: ThreadGroup 1-50
2020-08-14 17:20:48,665 INFO o.a.j.t.JMeterThread: Thread is done: ThreadGroup 1-25
2020-08-14 17:20:48,665 INFO o.a.j.t.JMeterThread: Thread finished: ThreadGroup 1-25
2020-08-14 17:20:48,666 INFO o.a.j.t.JMeterThread: Thread is done: ThreadGroup 1-51
2020-08-14 17:20:48,666 INFO o.a.j.t.JMeterThread: Thread finished: ThreadGroup 1-51
2020-08-14 17:20:48,667 INFO o.a.j.t.JMeterThread: Thread is done: ThreadGroup 1-93
2020-08-14 17:20:48,667 INFO o.a.j.t.JMeterThread: Thread finished: ThreadGroup 1-93
2020-08-14 17:20:48,667 INFO o.a.j.t.JMeterThread: Thread is done: ThreadGroup 1-68
2020-08-14 17:20:48,668 INFO o.a.j.t.JMeterThread: Thread finished: ThreadGroup 1-68
2020-08-14 17:20:48,668 INFO o.a.j.t.JMeterThread: Thread is done: ThreadGroup 1-26
2020-08-14 17:20:48,668 INFO o.a.j.t.JMeterThread: Thread finished: ThreadGroup 1-26
2020-08-14 17:20:48,668 INFO o.a.j.t.JMeterThread: Thread is done: ThreadGroup 1-5
2020-08-14 17:20:48,669 INFO o.a.j.t.JMeterThread: Thread finished: ThreadGroup 1-5
2020-08-14 17:20:48,669 INFO o.a.j.t.JMeterThread: Thread is done: ThreadGroup 1-39
2020-08-14 17:20:48,669 INFO o.a.j.t.JMeterThread: Thread finished: ThreadGroup 1-39
2020-08-14 17:20:48,670 INFO o.a.j.t.JMeterThread: Thread is done: ThreadGroup 1-28
2020-08-14 17:20:48,670 INFO o.a.j.t.JMeterThread: Thread finished: ThreadGroup 1-28
2020-08-14 17:20:48,670 INFO o.a.j.t.JMeterThread: Thread is done: ThreadGroup 1-65
2020-08-14 17:20:48,670 INFO o.a.j.t.JMeterThread: Thread finished: ThreadGroup 1-65
2020-08-14 17:20:48,671 INFO o.a.j.t.JMeterThread: Thread is done: ThreadGroup 1-100
2020-08-14 17:20:48,671 INFO o.a.j.t.JMeterThread: Thread finished: ThreadGroup 1-100
2020-08-14 17:20:48,671 INFO o.a.j.t.JMeterThread: Thread is done: ThreadGroup 1-78
2020-08-14 17:20:48,671 INFO o.a.j.t.JMeterThread: Thread finished: ThreadGroup 1-78
2020-08-14 17:20:48,672 INFO o.a.j.t.JMeterThread: Thread is done: ThreadGroup 1-21
2020-08-14 17:20:48,672 INFO o.a.j.t.JMeterThread: Thread finished: ThreadGroup 1-21
2020-08-14 17:20:48,672 INFO o.a.j.t.JMeterThread: Thread is done: ThreadGroup 1-17
2020-08-14 17:20:48,672 INFO o.a.j.t.JMeterThread: Thread finished: ThreadGroup 1-17
2020-08-14 17:20:48,673 INFO o.a.j.t.JMeterThread: Thread is done: ThreadGroup 1-60
2020-08-14 17:20:48,673 INFO o.a.j.t.JMeterThread: Thread finished: ThreadGroup 1-60
2020-08-14 17:20:48,673 INFO o.a.j.t.JMeterThread: Thread is done: ThreadGroup 1-48
2020-08-14 17:20:48,673 INFO o.a.j.t.JMeterThread: Thread finished: ThreadGroup 1-48
2020-08-14 17:20:48,673 INFO o.a.j.t.JMeterThread: Thread is done: ThreadGroup 1-18
2020-08-14 17:20:48,673 INFO o.a.j.t.JMeterThread: Thread finished: ThreadGroup 1-18
2020-08-14 17:20:48,674 INFO o.a.j.t.JMeterThread: Thread is done: ThreadGroup 1-14
2020-08-14 17:20:48,674 INFO o.a.j.t.JMeterThread: Thread finished: ThreadGroup 1-14
2020-08-14 17:20:48,675 INFO o.a.j.t.JMeterThread: Thread is done: ThreadGroup 1-79
2020-08-14 17:20:48,675 INFO o.a.j.t.JMeterThread: Thread finished: ThreadGroup 1-79
2020-08-14 17:20:48,676 INFO o.a.j.t.JMeterThread: Thread is done: ThreadGroup 1-74
2020-08-14 17:20:48,676 INFO o.a.j.t.JMeterThread: Thread finished: ThreadGroup 1-74
2020-08-14 17:20:48,677 INFO o.a.j.t.JMeterThread: Thread is done: ThreadGroup 1-43
2020-08-14 17:20:48,677 INFO o.a.j.t.JMeterThread: Thread finished: ThreadGroup 1-43
2020-08-14 17:20:48,677 INFO o.a.j.t.JMeterThread: Thread is done: ThreadGroup 1-38
2020-08-14 17:20:48,677 INFO o.a.j.t.JMeterThread: Thread finished: ThreadGroup 1-38
2020-08-14 17:20:48,678 INFO o.a.j.t.JMeterThread: Thread is done: ThreadGroup 1-80
2020-08-14 17:20:48,678 INFO o.a.j.t.JMeterThread: Thread finished: ThreadGroup 1-80
2020-08-14 17:20:48,678 INFO o.a.j.t.JMeterThread: Thread is done: ThreadGroup 1-57
2020-08-14 17:20:48,678 INFO o.a.j.t.JMeterThread: Thread finished: ThreadGroup 1-57
2020-08-14 17:20:48,679 INFO o.a.j.t.JMeterThread: Thread is done: ThreadGroup 1-56
2020-08-14 17:20:48,679 INFO o.a.j.t.JMeterThread: Thread finished: ThreadGroup 1-56
2020-08-14 17:20:48,679 INFO o.a.j.t.JMeterThread: Thread is done: ThreadGroup 1-11
2020-08-14 17:20:48,679 INFO o.a.j.t.JMeterThread: Thread finished: ThreadGroup 1-11
2020-08-14 17:20:48,680 INFO o.a.j.t.JMeterThread: Thread is done: ThreadGroup 1-82
2020-08-14 17:20:48,680 INFO o.a.j.t.JMeterThread: Thread finished: ThreadGroup 1-82
2020-08-14 17:20:48,680 INFO o.a.j.t.JMeterThread: Thread is done: ThreadGroup 1-97
2020-08-14 17:20:48,680 INFO o.a.j.t.JMeterThread: Thread finished: ThreadGroup 1-97
2020-08-14 17:20:48,681 INFO o.a.j.t.JMeterThread: Thread is done: ThreadGroup 1-1
2020-08-14 17:20:48,681 INFO o.a.j.t.JMeterThread: Thread finished: ThreadGroup 1-1
2020-08-14 17:20:48,681 INFO o.a.j.t.JMeterThread: Thread is done: ThreadGroup 1-62
2020-08-14 17:20:48,681 INFO o.a.j.t.JMeterThread: Thread finished: ThreadGroup 1-62
2020-08-14 17:20:48,681 INFO o.a.j.t.JMeterThread: Thread is done: ThreadGroup 1-59
2020-08-14 17:20:48,681 INFO o.a.j.t.JMeterThread: Thread finished: ThreadGroup 1-59
2020-08-14 17:20:48,681 INFO o.a.j.t.JMeterThread: Thread is done: ThreadGroup 1-52
2020-08-14 17:20:48,681 INFO o.a.j.t.JMeterThread: Thread finished: ThreadGroup 1-52
2020-08-14 17:20:48,682 INFO o.a.j.t.JMeterThread: Thread is done: ThreadGroup 1-58
2020-08-14 17:20:48,682 INFO o.a.j.t.JMeterThread: Thread finished: ThreadGroup 1-58
2020-08-14 17:20:48,682 INFO o.a.j.e.StandardJMeterEngine: Notifying test listeners of end of test
2020-08-14 17:20:48,685 INFO o.a.j.r.Summariser: summary =   3000 in 00:00:03 =  996.7/s Avg:    92 Min:    65 Max:   274 Err:     0 (0.00%)
2020-08-14 17:20:48,685 INFO o.a.j.JMeter: Generating Dashboard
2020-08-14 17:20:48,685 INFO o.a.j.r.d.ReportGenerator: Flushing result collector before report Generation
2020-08-14 17:20:48,701 INFO o.a.j.r.p.NormalizerSampleConsumer: Using format, 'ms', to parse timeStamp field
2020-08-14 17:20:48,937 INFO o.a.j.r.p.AbstractSampleConsumer: class org.apache.jmeter.report.processor.AggregateConsumer#stopProducing(): beginDate produced 0 samples
2020-08-14 17:20:48,937 INFO o.a.j.r.p.AbstractSampleConsumer: class org.apache.jmeter.report.processor.AggregateConsumer#stopProducing(): endDate produced 0 samples
2020-08-14 17:20:48,942 INFO o.a.j.r.p.AbstractSampleConsumer: class org.apache.jmeter.report.processor.ApdexSummaryConsumer#stopProducing(): apdexSummary produced 0 samples
2020-08-14 17:20:48,942 INFO o.a.j.r.p.AbstractSampleConsumer: class org.apache.jmeter.report.processor.RequestsSummaryConsumer#stopProducing(): requestsSummary produced 0 samples
2020-08-14 17:20:48,949 INFO o.a.j.r.p.AbstractSampleConsumer: class org.apache.jmeter.report.processor.StatisticsSummaryConsumer#stopProducing(): statisticsSummary produced 0 samples
2020-08-14 17:20:48,951 INFO o.a.j.r.p.AbstractSampleConsumer: class org.apache.jmeter.report.processor.Top5ErrorsBySamplerConsumer#stopProducing(): top5ErrorsBySampler produced 0 samples
2020-08-14 17:20:48,951 INFO o.a.j.r.p.AbstractSampleConsumer: class org.apache.jmeter.report.processor.ErrorsSummaryConsumer#stopProducing(): errorsSummary produced 0 samples
2020-08-14 17:20:48,951 INFO o.a.j.r.p.AbstractSampleConsumer: class org.apache.jmeter.report.processor.graph.impl.HitsPerSecondGraphConsumer#stopProducing(): hitsPerSecond produced 0 samples
2020-08-14 17:20:48,992 INFO o.a.j.r.p.AbstractSampleConsumer: class org.apache.jmeter.report.processor.graph.impl.LatencyVSRequestGraphConsumer#stopProducing(): latencyVsRequest produced 0 samples
2020-08-14 17:20:48,993 INFO o.a.j.r.p.AbstractSampleConsumer: class org.apache.jmeter.report.processor.graph.impl.SyntheticResponseTimeDistributionGraphConsumer#stopProducing(): syntheticResponseTimeDistribution produced 0 samples
2020-08-14 17:20:48,993 INFO o.a.j.r.p.AbstractSampleConsumer: class org.apache.jmeter.report.processor.graph.impl.BytesThroughputGraphConsumer#stopProducing(): bytesThroughputOverTime produced 0 samples
2020-08-14 17:20:48,993 INFO o.a.j.r.p.AbstractSampleConsumer: class org.apache.jmeter.report.processor.graph.impl.CodesPerSecondGraphConsumer#stopProducing(): codesPerSecond produced 0 samples
2020-08-14 17:20:49,029 INFO o.a.j.r.p.AbstractSampleConsumer: class org.apache.jmeter.report.processor.graph.impl.ResponseTimeVSRequestGraphConsumer#stopProducing(): responseTimeVsRequest produced 0 samples
2020-08-14 17:20:49,030 INFO o.a.j.r.p.AbstractSampleConsumer: class org.apache.jmeter.report.processor.FilterConsumer#stopProducing(): startIntervalControlerFilter produced 21000 samples
2020-08-14 17:20:49,030 INFO o.a.j.r.p.AbstractSampleConsumer: class org.apache.jmeter.report.processor.graph.impl.TotalTPSGraphConsumer#stopProducing(): totalTPS produced 0 samples
2020-08-14 17:20:49,030 INFO o.a.j.r.p.AbstractSampleConsumer: class org.apache.jmeter.report.processor.graph.impl.ActiveThreadsGraphConsumer#stopProducing(): activeThreadsOverTime produced 0 samples
2020-08-14 17:20:49,030 INFO o.a.j.r.p.AbstractSampleConsumer: class org.apache.jmeter.report.processor.graph.impl.TimeVSThreadGraphConsumer#stopProducing(): timeVsThreads produced 0 samples
2020-08-14 17:20:49,031 INFO o.a.j.r.p.AbstractSampleConsumer: class org.apache.jmeter.report.processor.graph.impl.ResponseTimeDistributionGraphConsumer#stopProducing(): responseTimeDistribution produced 0 samples
2020-08-14 17:20:49,031 INFO o.a.j.r.p.AbstractSampleConsumer: class org.apache.jmeter.report.processor.graph.impl.TransactionsPerSecondGraphConsumer#stopProducing(): transactionsPerSecond produced 0 samples
2020-08-14 17:20:49,031 INFO o.a.j.r.p.AbstractSampleConsumer: class org.apache.jmeter.report.processor.graph.impl.ResponseTimePercentilesGraphConsumer#stopProducing(): responseTimePercentiles produced 0 samples
2020-08-14 17:20:49,032 INFO o.a.j.r.p.AbstractSampleConsumer: class org.apache.jmeter.report.processor.graph.impl.ResponseTimePercentilesOverTimeGraphConsumer#stopProducing(): responseTimePercentilesOverTime produced 0 samples
2020-08-14 17:20:49,033 INFO o.a.j.r.p.AbstractSampleConsumer: class org.apache.jmeter.report.processor.graph.impl.ResponseTimeOverTimeGraphConsumer#stopProducing(): responseTimesOverTime produced 0 samples
2020-08-14 17:20:49,034 INFO o.a.j.r.p.AbstractSampleConsumer: class org.apache.jmeter.report.processor.graph.impl.ConnectTimeOverTimeGraphConsumer#stopProducing(): connectTimeOverTime produced 0 samples
2020-08-14 17:20:49,034 INFO o.a.j.r.p.AbstractSampleConsumer: class org.apache.jmeter.report.processor.graph.impl.LatencyOverTimeGraphConsumer#stopProducing(): latenciesOverTime produced 0 samples
2020-08-14 17:20:49,034 INFO o.a.j.r.p.AbstractSampleConsumer: class org.apache.jmeter.report.processor.FilterConsumer#stopProducing(): nameFilter produced 45000 samples
2020-08-14 17:20:49,034 INFO o.a.j.r.p.AbstractSampleConsumer: class org.apache.jmeter.report.processor.FilterConsumer#stopProducing(): dateRangeFilter produced 9000 samples
2020-08-14 17:20:49,034 INFO o.a.j.r.p.AbstractSampleConsumer: class org.apache.jmeter.report.processor.NormalizerSampleConsumer#stopProducing(): normalizer produced 3000 samples
2020-08-14 17:20:49,035 INFO o.a.j.r.p.CsvFileSampleSource: produce(): 3000 samples produced in 305ms on channel 0
2020-08-14 17:20:49,035 INFO o.a.j.r.d.ReportGenerator: Exporting data using exporter:'json' of className:'org.apache.jmeter.report.dashboard.JsonExporter'
2020-08-14 17:20:49,037 INFO o.a.j.r.d.JsonExporter: Found data for consumer statisticsSummary in context
2020-08-14 17:20:49,037 INFO o.a.j.r.d.JsonExporter: Creating statistics for overall
2020-08-14 17:20:49,038 INFO o.a.j.r.d.JsonExporter: Creating statistics for other transactions
2020-08-14 17:20:49,038 INFO o.a.j.r.d.JsonExporter: Checking output folder
2020-08-14 17:20:49,040 INFO o.a.j.r.d.JsonExporter: Writing statistics JSON to /Users/naveen/workspace/wallet/wallet/statistics.json
2020-08-14 17:20:49,271 INFO o.a.j.r.d.ReportGenerator: Exporting data using exporter:'html' of className:'org.apache.jmeter.report.dashboard.HtmlTemplateExporter'
2020-08-14 17:20:49,273 INFO o.a.j.r.d.HtmlTemplateExporter: Will generate dashboard in folder: /Users/naveen/workspace/wallet/wallet
2020-08-14 17:20:49,380 ERROR f.configuration: DefaultObjectWrapper.incompatibleImprovements was set to the object returned by Configuration.getVersion(). That defeats the purpose of incompatibleImprovements, and makes upgrading FreeMarker a potentially breaking change. Also, this probably won't be allowed starting from 2.4.0. Instead, set incompatibleImprovements to the highest concrete version that's known to be compatible with your application.
2020-08-14 17:20:49,382 ERROR f.configuration: Configuration.incompatibleImprovements was set to the object returned by Configuration.getVersion(). That defeats the purpose of incompatibleImprovements, and makes upgrading FreeMarker a potentially breaking change. Also, this probably won't be allowed starting from 2.4.0. Instead, set incompatibleImprovements to the highest concrete version that's known to be compatible with your application.
2020-08-14 17:20:49,393 INFO o.a.j.r.d.HtmlTemplateExporter: Report will be generated in: /Users/naveen/workspace/wallet/wallet, creating folder structure
2020-08-14 17:20:49,397 INFO o.a.j.r.d.TemplateVisitor: Copying folder from '/usr/local/Cellar/jmeter/5.3/libexec/bin/report-template' to '/Users/naveen/workspace/wallet/wallet', got message: /Users/naveen/workspace/wallet/wallet, found non empty folder with following content [/Users/naveen/workspace/wallet/wallet/statistics.json], will be ignored
2020-08-14 17:20:49,709 INFO o.a.j.JMeter: Dashboard generated
